  BoundedResponse.cpp
  Loss.cpp
C:\Users\c0mpo\source\repos\ChristianMBoyd\BoundedCPP\BoundedResponse\BoundedResponse\Loss.cpp(306,29): warning C4244: 'initializing': conversion from 'Eigen::EigenBase<Derived>::Index' to 'int', possible loss of data
          with
          [
              Derived=Eigen::Matrix<double,-1,1,0,-1,1>
          ]
C:\Users\c0mpo\source\repos\ChristianMBoyd\BoundedCPP\BoundedResponse\BoundedResponse\Loss.cpp(306,17): warning C4244: 'initializing': conversion from 'Eigen::EigenBase<Derived>::Index' to 'const int', possible loss of data
          with
          [
              Derived=Eigen::Matrix<double,-1,1,0,-1,1>
          ]
C:\Users\c0mpo\source\repos\ChristianMBoyd\BoundedCPP\BoundedResponse\BoundedResponse\Loss.cpp(347,29): warning C4244: 'initializing': conversion from 'Eigen::EigenBase<Derived>::Index' to 'int', possible loss of data
          with
          [
              Derived=Eigen::Matrix<double,-1,1,0,-1,1>
          ]
C:\Users\c0mpo\source\repos\ChristianMBoyd\BoundedCPP\BoundedResponse\BoundedResponse\Loss.cpp(347,17): warning C4244: 'initializing': conversion from 'Eigen::EigenBase<Derived>::Index' to 'const int', possible loss of data
          with
          [
              Derived=Eigen::Matrix<double,-1,1,0,-1,1>
          ]
C:\Users\c0mpo\source\repos\ChristianMBoyd\BoundedCPP\BoundedResponse\BoundedResponse\Loss.cpp(351,44): warning C4244: 'initializing': conversion from 'double' to 'int', possible loss of data
C:\Users\c0mpo\source\repos\ChristianMBoyd\BoundedCPP\BoundedResponse\BoundedResponse\Loss.cpp(351,20): warning C4244: 'initializing': conversion from 'double' to 'const int', possible loss of data
C:\Users\c0mpo\source\repos\ChristianMBoyd\BoundedCPP\BoundedResponse\BoundedResponse\Loss.cpp(364,32): warning C4244: 'initializing': conversion from 'double' to 'int', possible loss of data
C:\Users\c0mpo\source\repos\ChristianMBoyd\BoundedCPP\BoundedResponse\BoundedResponse\Loss.cpp(364,20): warning C4244: 'initializing': conversion from 'double' to 'const int', possible loss of data
C:\Users\c0mpo\source\repos\ChristianMBoyd\BoundedCPP\BoundedResponse\BoundedResponse\Loss.cpp(394,36): warning C4244: 'initializing': conversion from 'Eigen::EigenBase<Derived>::Index' to 'int', possible loss of data
          with
          [
              Derived=Eigen::Matrix<double,-1,1,0,-1,1>
          ]
C:\Users\c0mpo\source\repos\ChristianMBoyd\BoundedCPP\BoundedResponse\BoundedResponse\Loss.cpp(394,17): warning C4244: 'initializing': conversion from 'Eigen::EigenBase<Derived>::Index' to 'const int', possible loss of data
          with
          [
              Derived=Eigen::Matrix<double,-1,1,0,-1,1>
          ]
C:\Users\c0mpo\source\repos\ChristianMBoyd\BoundedCPP\BoundedResponse\BoundedResponse\Loss.cpp(397,30): warning C4244: 'initializing': conversion from 'Eigen::EigenBase<Derived>::Index' to 'int', possible loss of data
          with
          [
              Derived=Eigen::Matrix<double,-1,1,0,-1,1>
          ]
C:\Users\c0mpo\source\repos\ChristianMBoyd\BoundedCPP\BoundedResponse\BoundedResponse\Loss.cpp(397,18): warning C4244: 'initializing': conversion from 'Eigen::EigenBase<Derived>::Index' to 'const int', possible loss of data
          with
          [
              Derived=Eigen::Matrix<double,-1,1,0,-1,1>
          ]
C:\Users\c0mpo\source\repos\ChristianMBoyd\BoundedCPP\BoundedResponse\BoundedResponse\Loss.cpp(418,29): warning C4244: 'initializing': conversion from 'Eigen::EigenBase<Derived>::Index' to 'int', possible loss of data
          with
          [
              Derived=Eigen::Matrix<double,-1,1,0,-1,1>
          ]
C:\Users\c0mpo\source\repos\ChristianMBoyd\BoundedCPP\BoundedResponse\BoundedResponse\Loss.cpp(418,17): warning C4244: 'initializing': conversion from 'Eigen::EigenBase<Derived>::Index' to 'const int', possible loss of data
          with
          [
              Derived=Eigen::Matrix<double,-1,1,0,-1,1>
          ]
C:\Users\c0mpo\source\repos\ChristianMBoyd\BoundedCPP\BoundedResponse\BoundedResponse\Loss.cpp(455,29): warning C4244: 'initializing': conversion from 'Eigen::Index' to 'int', possible loss of data
C:\Users\c0mpo\source\repos\ChristianMBoyd\BoundedCPP\BoundedResponse\BoundedResponse\Loss.cpp(455,17): warning C4244: 'initializing': conversion from 'Eigen::Index' to 'const int', possible loss of data
  Generating code
  1 of 3507 functions (<0.1%) were compiled, the rest were copied from previous compilation.
    0 functions were new in current compilation
    51 functions had inline decision re-evaluated but remain unchanged
  Finished generating code
  BoundedResponse.vcxproj -> C:\Users\c0mpo\source\repos\ChristianMBoyd\BoundedCPP\BoundedResponse\x64\Release\BoundedResponse.exe
