  Loss.cpp
C:\Users\c0mpo\source\repos\ChristianMBoyd\BoundedCPP\BoundedResponse\BoundedResponse\Loss.cpp(205,29): warning C4244: 'initializing': conversion from 'Eigen::EigenBase<Derived>::Index' to 'int', possible loss of data
          with
          [
              Derived=Eigen::Matrix<double,-1,1,0,-1,1>
          ]
C:\Users\c0mpo\source\repos\ChristianMBoyd\BoundedCPP\BoundedResponse\BoundedResponse\Loss.cpp(205,17): warning C4244: 'initializing': conversion from 'Eigen::EigenBase<Derived>::Index' to 'const int', possible loss of data
          with
          [
              Derived=Eigen::Matrix<double,-1,1,0,-1,1>
          ]
C:\Users\c0mpo\source\repos\ChristianMBoyd\BoundedCPP\BoundedResponse\BoundedResponse\Loss.cpp(222,29): warning C4244: 'initializing': conversion from 'Eigen::EigenBase<Derived>::Index' to 'int', possible loss of data
          with
          [
              Derived=Eigen::Matrix<double,-1,1,0,-1,1>
          ]
C:\Users\c0mpo\source\repos\ChristianMBoyd\BoundedCPP\BoundedResponse\BoundedResponse\Loss.cpp(222,17): warning C4244: 'initializing': conversion from 'Eigen::EigenBase<Derived>::Index' to 'const int', possible loss of data
          with
          [
              Derived=Eigen::Matrix<double,-1,1,0,-1,1>
          ]
C:\Users\c0mpo\source\repos\ChristianMBoyd\BoundedCPP\BoundedResponse\BoundedResponse\Loss.cpp(248,29): warning C4244: 'initializing': conversion from 'Eigen::EigenBase<Derived>::Index' to 'int', possible loss of data
          with
          [
              Derived=Eigen::Matrix<double,-1,1,0,-1,1>
          ]
C:\Users\c0mpo\source\repos\ChristianMBoyd\BoundedCPP\BoundedResponse\BoundedResponse\Loss.cpp(248,17): warning C4244: 'initializing': conversion from 'Eigen::EigenBase<Derived>::Index' to 'const int', possible loss of data
          with
          [
              Derived=Eigen::Matrix<double,-1,1,0,-1,1>
          ]
C:\Users\c0mpo\source\repos\ChristianMBoyd\BoundedCPP\BoundedResponse\BoundedResponse\Loss.cpp(274,29): warning C4244: 'initializing': conversion from 'Eigen::EigenBase<Derived>::Index' to 'int', possible loss of data
          with
          [
              Derived=Eigen::Matrix<double,-1,1,0,-1,1>
          ]
C:\Users\c0mpo\source\repos\ChristianMBoyd\BoundedCPP\BoundedResponse\BoundedResponse\Loss.cpp(274,17): warning C4244: 'initializing': conversion from 'Eigen::EigenBase<Derived>::Index' to 'const int', possible loss of data
          with
          [
              Derived=Eigen::Matrix<double,-1,1,0,-1,1>
          ]
C:\Users\c0mpo\source\repos\ChristianMBoyd\BoundedCPP\BoundedResponse\BoundedResponse\Loss.cpp(315,34): warning C4244: 'initializing': conversion from 'Eigen::EigenBase<Derived>::Index' to 'int', possible loss of data
          with
          [
              Derived=Eigen::Matrix<double,-1,1,0,-1,1>
          ]
C:\Users\c0mpo\source\repos\ChristianMBoyd\BoundedCPP\BoundedResponse\BoundedResponse\Loss.cpp(315,22): warning C4244: 'initializing': conversion from 'Eigen::EigenBase<Derived>::Index' to 'const int', possible loss of data
          with
          [
              Derived=Eigen::Matrix<double,-1,1,0,-1,1>
          ]
C:\Users\c0mpo\source\repos\ChristianMBoyd\BoundedCPP\BoundedResponse\BoundedResponse\Loss.cpp(328,35): warning C4244: 'initializing': conversion from 'Eigen::EigenBase<Derived>::Index' to 'int', possible loss of data
          with
          [
              Derived=Eigen::Matrix<double,-1,1,0,-1,1>
          ]
C:\Users\c0mpo\source\repos\ChristianMBoyd\BoundedCPP\BoundedResponse\BoundedResponse\Loss.cpp(328,23): warning C4244: 'initializing': conversion from 'Eigen::EigenBase<Derived>::Index' to 'const int', possible loss of data
          with
          [
              Derived=Eigen::Matrix<double,-1,1,0,-1,1>
          ]
C:\Users\c0mpo\source\repos\ChristianMBoyd\BoundedCPP\BoundedResponse\BoundedResponse\Loss.cpp(350,31): warning C4244: 'initializing': conversion from 'Eigen::EigenBase<Derived>::Index' to 'int', possible loss of data
          with
          [
              Derived=Eigen::Matrix<int,-1,1,0,-1,1>
          ]
C:\Users\c0mpo\source\repos\ChristianMBoyd\BoundedCPP\BoundedResponse\BoundedResponse\Loss.cpp(350,17): warning C4244: 'initializing': conversion from 'Eigen::EigenBase<Derived>::Index' to 'const int', possible loss of data
          with
          [
              Derived=Eigen::Matrix<int,-1,1,0,-1,1>
          ]
C:\Users\c0mpo\source\repos\ChristianMBoyd\BoundedCPP\BoundedResponse\BoundedResponse\Loss.cpp(401,31): warning C4244: 'initializing': conversion from 'Eigen::EigenBase<Derived>::Index' to 'int', possible loss of data
          with
          [
              Derived=Eigen::Matrix<int,-1,1,0,-1,1>
          ]
C:\Users\c0mpo\source\repos\ChristianMBoyd\BoundedCPP\BoundedResponse\BoundedResponse\Loss.cpp(401,17): warning C4244: 'initializing': conversion from 'Eigen::EigenBase<Derived>::Index' to 'const int', possible loss of data
          with
          [
              Derived=Eigen::Matrix<int,-1,1,0,-1,1>
          ]
C:\Users\c0mpo\source\repos\ChristianMBoyd\BoundedCPP\BoundedResponse\BoundedResponse\Loss.cpp(431,29): warning C4244: 'initializing': conversion from 'Eigen::Index' to 'int', possible loss of data
C:\Users\c0mpo\source\repos\ChristianMBoyd\BoundedCPP\BoundedResponse\BoundedResponse\Loss.cpp(431,17): warning C4244: 'initializing': conversion from 'Eigen::Index' to 'const int', possible loss of data
C:\Users\c0mpo\source\repos\ChristianMBoyd\BoundedCPP\BoundedResponse\BoundedResponse\Loss.cpp(444,31): warning C4244: 'initializing': conversion from 'Eigen::EigenBase<Derived>::Index' to 'int', possible loss of data
          with
          [
              Derived=Eigen::Matrix<int,-1,1,0,-1,1>
          ]
C:\Users\c0mpo\source\repos\ChristianMBoyd\BoundedCPP\BoundedResponse\BoundedResponse\Loss.cpp(444,17): warning C4244: 'initializing': conversion from 'Eigen::EigenBase<Derived>::Index' to 'const int', possible loss of data
          with
          [
              Derived=Eigen::Matrix<int,-1,1,0,-1,1>
          ]
C:\Users\c0mpo\source\repos\ChristianMBoyd\BoundedCPP\BoundedResponse\BoundedResponse\Loss.cpp(465,31): warning C4244: 'initializing': conversion from 'Eigen::EigenBase<Derived>::Index' to 'int', possible loss of data
          with
          [
              Derived=Eigen::Matrix<int,-1,1,0,-1,1>
          ]
C:\Users\c0mpo\source\repos\ChristianMBoyd\BoundedCPP\BoundedResponse\BoundedResponse\Loss.cpp(465,17): warning C4244: 'initializing': conversion from 'Eigen::EigenBase<Derived>::Index' to 'const int', possible loss of data
          with
          [
              Derived=Eigen::Matrix<int,-1,1,0,-1,1>
          ]
  BoundedResponse.vcxproj -> C:\Users\c0mpo\source\repos\ChristianMBoyd\BoundedCPP\BoundedResponse\x64\Debug\BoundedResponse.exe
